

==================================================
LogTime:2016-04-09 01:43:12,713    Type:Error
Tips:------

==================================================
LogTime:2016-04-09 01:49:30,879    Type:Error
Tips:failed

==================================================
LogTime:2016-04-09 07:26:24,022    Type:Error
Tips:------

==================================================
LogTime:2016-04-09 07:29:07,991    Type:Error
Tips:failed

==================================================
LogTime:2016-04-09 07:31:38,913    Type:Error
Tips:------

==================================================
LogTime:2016-04-09 07:38:19,537    Type:Error
Tips:failed

==================================================
LogTime:2016-04-09 07:45:15,668    Type:Error
Tips:------

==================================================
LogTime:2016-04-09 07:45:47,407    Type:Error
Tips:failed

==================================================
LogTime:2016-04-09 08:03:59,429    Type:Error
Tips:------

==================================================
LogTime:2016-04-09 08:04:20,662    Type:Error
Tips:failed

==================================================
LogTime:2016-04-09 08:04:25,804    Type:Error
Tips:------

==================================================
LogTime:2016-04-09 08:05:00,979    Type:Error
Tips:failed

==================================================
LogTime:2016-04-09 08:13:52,281    Type:Error
Tips:------

==================================================
LogTime:2016-04-09 08:15:55,779    Type:Error
Tips:failed