

==================================================
LogTime:2016-06-17 09:17:39,786    Type:Info
Tips:测试日志组件

==================================================
LogTime:2016-06-17 09:22:21,654    Type:Info
Tips:测试日志组件2

==================================================
LogTime:2016-06-17 09:23:26,515    Type:Info
Tips:测试日志组件2

==================================================
LogTime:2016-06-17 09:23:50,329    Type:Info
Tips:测试日志组件2

==================================================
LogTime:2016-06-17 09:25:01,984    Type:Info
Tips:测试日志组件2

==================================================
LogTime:2016-06-17 09:25:05,973    Type:Info
Tips:测试日志组件2

==================================================
LogTime:2016-06-17 09:25:08,929    Type:Info
Tips:测试日志组件2

==================================================
LogTime:2016-06-17 09:25:13,481    Type:Info
Tips:测试日志组件2

==================================================
LogTime:2016-06-17 09:48:07,866    Type:Info
Tips:测试日志组件2

==================================================
LogTime:2016-06-17 09:48:17,076    Type:Info
Tips:测试日志组件2

==================================================
LogTime:2016-06-17 09:48:20,876    Type:Info
Tips:测试日志组件2

==================================================
LogTime:2016-06-17 09:48:26,219    Type:Info
Tips:测试日志组件2

==================================================
LogTime:2016-06-17 09:48:40,480    Type:Info
Tips:测试日志组件2

==================================================
LogTime:2016-06-17 09:48:44,182    Type:Info
Tips:测试日志组件2

==================================================
LogTime:2016-06-17 09:48:45,867    Type:Info
Tips:测试日志组件2

==================================================
LogTime:2016-06-17 09:48:45,867    Type:Info
Tips:测试日志组件2

==================================================
LogTime:2016-06-17 10:06:18,411    Type:Info
Tips:测试日志组件2

==================================================
LogTime:2016-06-17 10:06:18,412    Type:Info
Tips:测试日志组件2

==================================================
LogTime:2016-06-17 10:06:18,412    Type:Info
Tips:测试日志组件2

==================================================
LogTime:2016-06-17 10:08:49,241    Type:Info
Tips:测试日志组件2

==================================================
LogTime:2016-06-17 10:08:49,241    Type:Info
Tips:测试日志组件2

==================================================
LogTime:2016-06-17 10:08:49,242    Type:Info
Tips:测试日志组件2

==================================================
LogTime:2016-06-17 10:09:15,386    Type:Info
Tips:测试日志组件2

==================================================
LogTime:2016-06-17 10:09:15,387    Type:Info
Tips:测试日志组件2

==================================================
LogTime:2016-06-17 10:09:15,388    Type:Info
Tips:测试日志组件2